<?xml version="1.0" encoding="UTF-8"?>
<!-- Generated by org.testng.reporters.JUnitReportReporter -->
<testsuite hostname="DESKTOP-FL65SAV" failures="0" tests="2" name="flipkart_Test.flipkart_Test" time="233.297" errors="0" timestamp="2024-07-04T07:03:46 IST" skipped="0">
  <testcase classname="flipkart_Test.flipkart_Test" name="flipkartPageProcess" time="109.960"/>
  <system-out/>
  <testcase classname="flipkart_Test.flipkart_Test" name="homePageProcess" time="123.337"/>
  <system-out/>
</testsuite> <!-- flipkart_Test.flipkart_Test -->
